0 info it worked if it ends with ok
1 verbose cli [ 'C:\\Program Files (x86)\\nodejs\\\\node.exe',
1 verbose cli   'C:\\Program Files (x86)\\nodejs\\node_modules\\npm\\bin\\npm-cli.js',
1 verbose cli   'install',
1 verbose cli   'jshint' ]
2 info using npm@3.10.8
3 info using node@v0.12.6
4 silly loadCurrentTree Starting
5 silly install loadCurrentTree
6 silly install readLocalPackageData
7 silly fetchPackageMetaData jshint
8 silly fetchNamedPackageData jshint
9 silly mapToRegistry name jshint
10 silly mapToRegistry using default registry
11 silly mapToRegistry registry https://registry.npmjs.org/
12 silly mapToRegistry data { raw: 'jshint',
12 silly mapToRegistry   scope: null,
12 silly mapToRegistry   escapedName: 'jshint',
12 silly mapToRegistry   name: 'jshint',
12 silly mapToRegistry   rawSpec: '',
12 silly mapToRegistry   spec: 'latest',
12 silly mapToRegistry   type: 'tag' }
13 silly mapToRegistry uri https://registry.npmjs.org/jshint
14 verbose request uri https://registry.npmjs.org/jshint
15 verbose request no auth needed
16 info attempt registry request try #1 at 20:56:23
17 verbose request id 5fc8bd3def0af12c
18 verbose etag W/"5843496b-1d6a0"
19 verbose lastModified Sat, 03 Dec 2016 22:38:35 GMT
20 http request GET https://registry.npmjs.org/jshint
21 info retry will retry, error on last attempt: Error: connect ETIMEDOUT
22 info attempt registry request try #2 at 20:56:54
23 verbose etag W/"5843496b-1d6a0"
24 verbose lastModified Sat, 03 Dec 2016 22:38:35 GMT
25 http request GET https://registry.npmjs.org/jshint
26 http 304 https://registry.npmjs.org/jshint
27 verbose headers { date: 'Sun, 11 Dec 2016 12:57:19 GMT',
27 verbose headers   via: '1.1 varnish',
27 verbose headers   'cache-control': 'max-age=300',
27 verbose headers   etag: 'W/"5843496b-1d6a0"',
27 verbose headers   age: '135',
27 verbose headers   connection: 'keep-alive',
27 verbose headers   'x-served-by': 'cache-ams4122-AMS',
27 verbose headers   'x-cache': 'HIT',
27 verbose headers   'x-cache-hits': '1',
27 verbose headers   'x-timer': 'S1481461039.068418,VS0,VE0',
27 verbose headers   vary: 'Accept-Encoding' }
28 silly get cb [ 304,
28 silly get   { date: 'Sun, 11 Dec 2016 12:57:19 GMT',
28 silly get     via: '1.1 varnish',
28 silly get     'cache-control': 'max-age=300',
28 silly get     etag: 'W/"5843496b-1d6a0"',
28 silly get     age: '135',
28 silly get     connection: 'keep-alive',
28 silly get     'x-served-by': 'cache-ams4122-AMS',
28 silly get     'x-cache': 'HIT',
28 silly get     'x-cache-hits': '1',
28 silly get     'x-timer': 'S1481461039.068418,VS0,VE0',
28 silly get     vary: 'Accept-Encoding' } ]
29 verbose etag https://registry.npmjs.org/jshint from cache
30 verbose get saving jshint to C:\Users\acer\AppData\Roaming\npm-cache\registry.npmjs.org\jshint\.cache.json
31 verbose correctMkdir C:\Users\acer\AppData\Roaming\npm-cache correctMkdir not in flight; initializing
32 silly install normalizeTree
33 silly loadCurrentTree Finishing
34 silly loadIdealTree Starting
35 silly install loadIdealTree
36 silly cloneCurrentTree Starting
37 silly install cloneCurrentTreeToIdealTree
38 silly cloneCurrentTree Finishing
39 silly loadShrinkwrap Starting
40 silly install loadShrinkwrap
41 silly loadShrinkwrap Finishing
42 silly loadAllDepsIntoIdealTree Starting
43 silly install loadAllDepsIntoIdealTree
44 silly resolveWithNewModule jshint@2.9.4 checking installable status
45 silly cache add args [ 'jshint', null ]
46 verbose cache add spec jshint
47 silly cache add parsed spec { raw: 'jshint',
47 silly cache add   scope: null,
47 silly cache add   escapedName: 'jshint',
47 silly cache add   name: 'jshint',
47 silly cache add   rawSpec: '',
47 silly cache add   spec: 'latest',
47 silly cache add   type: 'tag' }
48 silly addNamed jshint@latest
49 verbose addNamed "latest" is being treated as a dist-tag for jshint
50 info addNameTag [ 'jshint', 'latest' ]
51 silly mapToRegistry name jshint
52 silly mapToRegistry using default registry
53 silly mapToRegistry registry https://registry.npmjs.org/
54 silly mapToRegistry data { raw: 'jshint',
54 silly mapToRegistry   scope: null,
54 silly mapToRegistry   escapedName: 'jshint',
54 silly mapToRegistry   name: 'jshint',
54 silly mapToRegistry   rawSpec: '',
54 silly mapToRegistry   spec: 'latest',
54 silly mapToRegistry   type: 'tag' }
55 silly mapToRegistry uri https://registry.npmjs.org/jshint
56 verbose addNameTag registry:https://registry.npmjs.org/jshint not in flight; fetching
57 verbose get https://registry.npmjs.org/jshint not expired, no request
58 silly addNameTag next cb for jshint with tag latest
59 silly addNamed jshint@2.9.4
60 verbose addNamed "2.9.4" is a plain semver version for jshint
61 silly mapToRegistry name jshint
62 silly mapToRegistry using default registry
63 silly mapToRegistry registry https://registry.npmjs.org/
64 silly mapToRegistry data { raw: 'jshint',
64 silly mapToRegistry   scope: null,
64 silly mapToRegistry   escapedName: 'jshint',
64 silly mapToRegistry   name: 'jshint',
64 silly mapToRegistry   rawSpec: '',
64 silly mapToRegistry   spec: 'latest',
64 silly mapToRegistry   type: 'tag' }
65 silly mapToRegistry uri https://registry.npmjs.org/jshint
66 verbose addRemoteTarball https://registry.npmjs.org/jshint/-/jshint-2.9.4.tgz not in flight; adding
67 verbose addRemoteTarball [ 'https://registry.npmjs.org/jshint/-/jshint-2.9.4.tgz',
67 verbose addRemoteTarball   '5e3ba97848d5290273db514aee47fe24cf592934' ]
68 info retry fetch attempt 1 at 20:57:11
69 info attempt registry request try #1 at 20:57:11
70 http fetch GET https://registry.npmjs.org/jshint/-/jshint-2.9.4.tgz
71 http fetch 200 https://registry.npmjs.org/jshint/-/jshint-2.9.4.tgz
72 verbose stack Error: read ECONNRESET
72 verbose stack     at exports._errnoException (util.js:746:11)
72 verbose stack     at TCP.onread (net.js:559:26)
73 verbose cwd E:\myapp
74 error Windows_NT 6.1.7601
75 error argv "C:\\Program Files (x86)\\nodejs\\\\node.exe" "C:\\Program Files (x86)\\nodejs\\node_modules\\npm\\bin\\npm-cli.js" "install" "jshint"
76 error node v0.12.6
77 error npm  v3.10.8
78 error code ECONNRESET
79 error errno ECONNRESET
80 error syscall read
81 error network read ECONNRESET
82 error network This is most likely not a problem with npm itself
82 error network and is related to network connectivity.
82 error network In most cases you are behind a proxy or have bad network settings.
82 error network
82 error network If you are behind a proxy, please make sure that the
82 error network 'proxy' config is set properly.  See: 'npm help config'
83 verbose exit [ 1, true ]
